components/circles/CircleSafetyIncidents.tsx(444,15): error TS2322: Type '{ value: string; onChange: (e: any) => void; options: { value: string; label: string; }[]; }' is not assignable to type 'IntrinsicAttributes & SelectProps'.
  Property 'onChange' does not exist on type 'IntrinsicAttributes & SelectProps'.
components/circles/CircleSafetyIncidents.tsx(444,26): error TS7006: Parameter 'e' implicitly has an 'any' type.
components/circles/CircleSafetyIncidents.tsx(452,15): error TS2322: Type '{ value: string; onChange: (e: any) => void; options: { value: string; label: string; }[]; }' is not assignable to type 'IntrinsicAttributes & SelectProps'.
  Property 'onChange' does not exist on type 'IntrinsicAttributes & SelectProps'.
components/circles/CircleSafetyIncidents.tsx(452,26): error TS7006: Parameter 'e' implicitly has an 'any' type.
components/circles/CircleSafetyIncidents.tsx(465,15): error TS2322: Type '{ value: string; onChange: (e: any) => void; options: { value: string; label: string; }[]; }' is not assignable to type 'IntrinsicAttributes & SelectProps'.
  Property 'onChange' does not exist on type 'IntrinsicAttributes & SelectProps'.
components/circles/CircleSafetyIncidents.tsx(465,26): error TS7006: Parameter 'e' implicitly has an 'any' type.
components/circles/Notes.tsx(250,15): error TS2322: Type '{ value: string; onChange: (e: any) => void; options: { value: string; label: string; }[]; className: string; }' is not assignable to type 'IntrinsicAttributes & SelectProps'.
  Property 'onChange' does not exist on type 'IntrinsicAttributes & SelectProps'.
components/circles/Notes.tsx(250,26): error TS7006: Parameter 'e' implicitly has an 'any' type.
components/circles/Notes.tsx(335,19): error TS2322: Type '{ value: string; onChange: (e: any) => void; options: { value: string; label: string; }[]; className: string; }' is not assignable to type 'IntrinsicAttributes & SelectProps'.
  Property 'onChange' does not exist on type 'IntrinsicAttributes & SelectProps'.
components/circles/Notes.tsx(335,30): error TS7006: Parameter 'e' implicitly has an 'any' type.
components/circles/Notes.tsx(349,19): error TS2322: Type '{ value: string; onChange: (e: any) => void; options: { value: string; label: string; }[]; className: string; }' is not assignable to type 'IntrinsicAttributes & SelectProps'.
  Property 'onChange' does not exist on type 'IntrinsicAttributes & SelectProps'.
components/circles/Notes.tsx(349,30): error TS7006: Parameter 'e' implicitly has an 'any' type.
components/circles/Notes.tsx(506,15): error TS2322: Type '{ label: string; value: string; onChange: (e: any) => void; options: { value: string; label: string; }[]; }' is not assignable to type 'IntrinsicAttributes & SelectProps'.
  Property 'label' does not exist on type 'IntrinsicAttributes & SelectProps'.
components/circles/Notes.tsx(508,26): error TS7006: Parameter 'e' implicitly has an 'any' type.
components/circles/Notes.tsx(520,15): error TS2322: Type '{ label: string; value: string; onChange: (e: any) => void; options: { value: string; label: string; }[]; }' is not assignable to type 'IntrinsicAttributes & SelectProps'.
  Property 'label' does not exist on type 'IntrinsicAttributes & SelectProps'.
components/circles/Notes.tsx(522,26): error TS7006: Parameter 'e' implicitly has an 'any' type.
components/common/AppearanceManager.tsx(467,27): error TS2345: Argument of type '(prev: BrandingConfig | null) => { screens: (ScreenConfig | { background: { mode: string; image: string; }; id: string; name: string; resizeMode: "center" | "contain" | "cover" | "stretch"; type: "modal" | "screen"; icon?: string | undefined; description?: string | undefined; groupId?: string | undefined; })[]; ... ...' is not assignable to parameter of type 'SetStateAction<BrandingConfig | null>'.
  Type '(prev: BrandingConfig | null) => { screens: (ScreenConfig | { background: { mode: string; image: string; }; id: string; name: string; resizeMode: "center" | "contain" | "cover" | "stretch"; type: "modal" | "screen"; icon?: string | undefined; description?: string | undefined; groupId?: string | undefined; })[]; ... ...' is not assignable to type '(prevState: BrandingConfig | null) => BrandingConfig | null'.
    Type '{ screens: (ScreenConfig | { background: { mode: string; image: string; }; id: string; name: string; resizeMode: "center" | "contain" | "cover" | "stretch"; type: "modal" | "screen"; icon?: string | undefined; description?: string | undefined; groupId?: string | undefined; })[]; ... 26 more ...; secondaryFont: strin...' is not assignable to type 'BrandingConfig | null'.
      Type '{ screens: (ScreenConfig | { background: { mode: string; image: string; }; id: string; name: string; resizeMode: "cover" | "contain" | "stretch" | "center"; type: "screen" | "modal"; icon?: string; description?: string; groupId?: string; })[]; ... 26 more ...; secondaryFont: string; }' is not assignable to type 'BrandingConfig'.
        Types of property 'screens' are incompatible.
          Type '(ScreenConfig | { background: { mode: string; image: string; }; id: string; name: string; resizeMode: "center" | "contain" | "cover" | "stretch"; type: "modal" | "screen"; icon?: string | undefined; description?: string | undefined; groupId?: string | undefined; })[]' is not assignable to type 'ScreenConfig[]'.
            Type 'ScreenConfig | { background: { mode: string; image: string; }; id: string; name: string; resizeMode: "center" | "contain" | "cover" | "stretch"; type: "modal" | "screen"; icon?: string | undefined; description?: string | undefined; groupId?: string | undefined; }' is not assignable to type 'ScreenConfig'.
              Type '{ background: { mode: string; image: string; }; id: string; name: string; resizeMode: "cover" | "contain" | "stretch" | "center"; type: "screen" | "modal"; icon?: string; description?: string; groupId?: string; }' is not assignable to type 'ScreenConfig'.
                Types of property 'background' are incompatible.
                  Type '{ mode: string; image: string; }' is not assignable to type 'string | ColorValue'.
                    Type '{ mode: string; image: string; }' is not assignable to type 'ColorValue'.
                      Types of property 'mode' are incompatible.
                        Type 'string' is not assignable to type 'ColorMode'.
components/common/DataCollectionView.tsx(798,25): error TS2322: Type '{ label: string; value: any; onChange: (e: any) => void; options: { label: string; value: any; }[]; required: boolean | undefined; disabled: boolean | undefined; }' is not assignable to type 'IntrinsicAttributes & SelectProps'.
  Property 'label' does not exist on type 'IntrinsicAttributes & SelectProps'.
components/common/DataCollectionView.tsx(800,36): error TS7006: Parameter 'e' implicitly has an 'any' type.
components/content/filters/ContentFilters.tsx(62,15): error TS2322: Type '{ value: string; onChange: (e: any) => void; options: { value: string; label: string; }[]; }' is not assignable to type 'IntrinsicAttributes & SelectProps'.
  Property 'onChange' does not exist on type 'IntrinsicAttributes & SelectProps'.
components/content/filters/ContentFilters.tsx(62,26): error TS7006: Parameter 'e' implicitly has an 'any' type.
components/content/filters/ContentFilters.tsx(73,15): error TS2322: Type '{ value: string; onChange: (e: any) => void; options: { value: string; label: string; }[]; }' is not assignable to type 'IntrinsicAttributes & SelectProps'.
  Property 'onChange' does not exist on type 'IntrinsicAttributes & SelectProps'.
components/content/filters/ContentFilters.tsx(73,26): error TS7006: Parameter 'e' implicitly has an 'any' type.
components/content/filters/ContentFilters.tsx(83,15): error TS2322: Type '{ value: any; onChange: (e: any) => any; options: { value: string; label: string; }[]; }' is not assignable to type 'IntrinsicAttributes & SelectProps'.
  Property 'onChange' does not exist on type 'IntrinsicAttributes & SelectProps'.
components/content/filters/ContentFilters.tsx(83,26): error TS7006: Parameter 'e' implicitly has an 'any' type.
components/content/filters/ContentFilters.tsx(91,15): error TS2322: Type '{ value: string; onChange: (e: any) => void; options: { value: string; label: string; }[]; }' is not assignable to type 'IntrinsicAttributes & SelectProps'.
  Property 'onChange' does not exist on type 'IntrinsicAttributes & SelectProps'.
components/content/filters/ContentFilters.tsx(91,26): error TS7006: Parameter 'e' implicitly has an 'any' type.
components/dashboard/Dashboard.tsx(218,9): error TS7023: 'getUnifiedActivity' implicitly has return type 'any' because it does not have a return type annotation and is referenced directly or indirectly in one of its return expressions.
components/dashboard/Dashboard.tsx(278,11): error TS7022: 'activityData' implicitly has type 'any' because it does not have a type annotation and is referenced directly or indirectly in its own initializer.
components/identity/UserDetailDrawer.tsx(93,23): error TS2551: Property 'roleId' does not exist on type 'GlobalUser'. Did you mean 'role'?
components/identity/UserDetailDrawer.tsx(94,40): error TS2551: Property 'roleId' does not exist on type 'GlobalUser'. Did you mean 'role'?
components/identity/UserDetailDrawer.tsx(192,39): error TS2554: Expected 2 arguments, but got 1.
components/identity/UserDetailDrawer.tsx(226,21): error TS2339: Property 'backupCodes' does not exist on type '{ codes: string[]; }'.
components/identity/UserDetailDrawer.tsx(486,120): error TS2339: Property 'isExpired' does not exist on type 'UserSession'.
components/identity/UserDetailDrawer.tsx(489,138): error TS2339: Property 'isExpired' does not exist on type 'UserSession'.
components/identity/UserDetailDrawer.tsx(497,74): error TS2339: Property 'location' does not exist on type 'UserSession'.
components/identity/UserDetailDrawer.tsx(497,100): error TS2339: Property 'location' does not exist on type 'UserSession'.
components/identity/UserDetailDrawer.tsx(501,63): error TS2339: Property 'isExpired' does not exist on type 'UserSession'.
components/identity/UserDetailDrawer.tsx(515,62): error TS2339: Property 'isExpired' does not exist on type 'UserSession'.
components/identity/UserDetailDrawer.tsx(557,73): error TS2339: Property 'osName' does not exist on type 'UserDevice'.
components/identity/UserDetailDrawer.tsx(557,110): error TS2339: Property 'browserName' does not exist on type 'UserDevice'.
components/identity/UserDetailDrawer.tsx(557,132): error TS2339: Property 'appVersion' does not exist on type 'UserDevice'.
components/identity/UserDetailDrawer.tsx(581,88): error TS2339: Property 'createdAt' does not exist on type 'UserDevice'.
components/identity/UserDetailDrawer.tsx(582,113): error TS2339: Property 'createdAt' does not exist on type 'UserDevice'.
components/identity/UserDetailDrawer.tsx(632,85): error TS2339: Property 'createdAt' does not exist on type 'UserMFA'.
components/identity/UserDetailDrawer.tsx(648,54): error TS2339: Property 'backupCodesRemaining' does not exist on type 'UserMFA'.
components/identity/UserDetailDrawer.tsx(650,116): error TS2339: Property 'backupCodesRemaining' does not exist on type 'UserMFA'.
components/settings/IntegrationsSettings.tsx(201,19): error TS2322: Type '{ label: string; value: "none" | "google" | "auth0" | "oidc"; onChange: (e: any) => void; options: { value: string; label: string; }[]; }' is not assignable to type 'IntrinsicAttributes & SelectProps'.
  Property 'label' does not exist on type 'IntrinsicAttributes & SelectProps'.
components/settings/IntegrationsSettings.tsx(203,29): error TS7006: Parameter 'e' implicitly has an 'any' type.
components/settings/IntegrationsSettings.tsx(224,19): error TS2322: Type '{ label: string; value: "none" | "google" | "auth0" | "oidc"; onChange: (e: any) => void; options: { value: string; label: string; }[]; }' is not assignable to type 'IntrinsicAttributes & SelectProps'.
  Property 'label' does not exist on type 'IntrinsicAttributes & SelectProps'.
components/settings/IntegrationsSettings.tsx(226,29): error TS7006: Parameter 'e' implicitly has an 'any' type.
components/settings/IntegrationsSettings.tsx(375,17): error TS2322: Type '{ label: string; value: "auto" | "disabled" | "basic"; onChange: (e: any) => void; options: { value: string; label: string; }[]; }' is not assignable to type 'IntrinsicAttributes & SelectProps'.
  Property 'label' does not exist on type 'IntrinsicAttributes & SelectProps'.
components/settings/IntegrationsSettings.tsx(377,27): error TS7006: Parameter 'e' implicitly has an 'any' type.
components/settings/IntegrationsSettings.tsx(424,19): error TS2322: Type '{ label: string; value: "default" | "nearest"; onChange: (e: any) => void; options: { value: string; label: string; }[]; }' is not assignable to type 'IntrinsicAttributes & SelectProps'.
  Property 'label' does not exist on type 'IntrinsicAttributes & SelectProps'.
components/settings/IntegrationsSettings.tsx(426,29): error TS7006: Parameter 'e' implicitly has an 'any' type.
components/settings/LoginConfigBranding.tsx(487,49): error TS2339: Property 'ssoProviders' does not exist on type '{ appName: string; logoUrl: string; primaryColor: string; secondaryColor: string; accentColor: string; textColor: string; backgroundColor: string; fontFamily: string; fontSize: string; fontWeight: string; ... 11 more ...; providerLogos: Record<...>; }'.
components/settings/LoginConfigBranding.tsx(489,67): error TS2339: Property 'ssoProviders' does not exist on type '{ appName: string; logoUrl: string; primaryColor: string; secondaryColor: string; accentColor: string; textColor: string; backgroundColor: string; fontFamily: string; fontSize: string; fontWeight: string; ... 11 more ...; providerLogos: Record<...>; }'.
components/settings/LoginConfigBranding.tsx(504,30): error TS2339: Property 'ssoProviders' does not exist on type '{ appName: string; logoUrl: string; primaryColor: string; secondaryColor: string; accentColor: string; textColor: string; backgroundColor: string; fontFamily: string; fontSize: string; fontWeight: string; ... 11 more ...; providerLogos: Record<...>; }'.
components/settings/LoginConfigBranding.tsx(512,35): error TS2339: Property 'ssoProviders' does not exist on type '{ appName: string; logoUrl: string; primaryColor: string; secondaryColor: string; accentColor: string; textColor: string; backgroundColor: string; fontFamily: string; fontSize: string; fontWeight: string; ... 11 more ...; providerLogos: Record<...>; }'.
components/settings/LoginConfigBranding.tsx(512,54): error TS7006: Parameter 'provider' implicitly has an 'any' type.
components/settings/RolesPermissions.tsx(28,73): error TS2561: Object literal may only specify known properties, but 'permissions' does not exist in type '{ name: string; description?: string | undefined; color?: string | undefined; priority?: number | undefined; permission_ids?: string[] | undefined; }'. Did you mean to write 'permission_ids'?
components/settings/RolesPermissions.tsx(35,60): error TS2561: Object literal may only specify known properties, but 'permissions' does not exist in type '{ name?: string | undefined; description?: string | undefined; color?: string | undefined; priority?: number | undefined; permission_ids?: string[] | undefined; }'. Did you mean to write 'permission_ids'?
components/settings/RolesPermissions.tsx(63,119): error TS2339: Property 'name' does not exist on type 'Permission'.
components/settings/Settings.tsx(339,19): error TS2322: Type '{ label: string; value: string; onChange: () => void; options: { value: string; label: string; }[]; }' is not assignable to type 'IntrinsicAttributes & SelectProps'.
  Property 'label' does not exist on type 'IntrinsicAttributes & SelectProps'.
components/settings/Settings.tsx(350,19): error TS2322: Type '{ label: string; value: string; onChange: () => void; options: { value: string; label: string; }[]; }' is not assignable to type 'IntrinsicAttributes & SelectProps'.
  Property 'label' does not exist on type 'IntrinsicAttributes & SelectProps'.
components/settings/Settings.tsx(361,19): error TS2322: Type '{ label: string; value: string; onChange: () => void; options: { value: string; label: string; }[]; }' is not assignable to type 'IntrinsicAttributes & SelectProps'.
  Property 'label' does not exist on type 'IntrinsicAttributes & SelectProps'.
components/social/SocialMedia.tsx(73,13): error TS2322: Type '{ id: any; name: any; description: any; member_count: any; }[]' is not assignable to type 'Circle[]'.
  Property 'memberCount' is missing in type '{ id: any; name: any; description: any; member_count: any; }' but required in type 'Circle'.
components/social/SocialMedia.tsx(83,9): error TS2561: Object literal may only specify known properties, but 'member_count' does not exist in type 'Circle'. Did you mean to write 'memberCount'?
components/social/SocialMedia.tsx(98,9): error TS2561: Object literal may only specify known properties, but 'CircleId' does not exist in type 'PostFilters'. Did you mean to write 'circleId'?
components/social/SocialMedia.tsx(124,60): error TS2551: Property 'Circle_id' does not exist on type 'SocialPost'. Did you mean 'circleId'?
components/social/SocialMedia.tsx(126,40): error TS2551: Property 'first_name' does not exist on type '{ id: string; firstName: string; lastName: string; avatarUrl?: string | undefined; }'. Did you mean 'firstName'?
components/social/SocialMedia.tsx(126,72): error TS2551: Property 'last_name' does not exist on type '{ id: string; firstName: string; lastName: string; avatarUrl?: string | undefined; }'. Did you mean 'lastName'?
components/social/SocialMedia.tsx(131,67): error TS2551: Property 'is_reported' does not exist on type 'SocialPost'. Did you mean 'isReported'?
components/social/SocialMedia.tsx(132,72): error TS2551: Property 'is_reported' does not exist on type 'SocialPost'. Did you mean 'isReported'?
components/social/SocialMedia.tsx(226,13): error TS2322: Type '{ label: string; value: string; onChange: (e: any) => void; options: { value: string; label: string; }[]; }' is not assignable to type 'IntrinsicAttributes & SelectProps'.
  Property 'label' does not exist on type 'IntrinsicAttributes & SelectProps'.
components/social/SocialMedia.tsx(228,24): error TS7006: Parameter 'e' implicitly has an 'any' type.
components/social/SocialMedia.tsx(231,46): error TS2551: Property 'member_count' does not exist on type 'Circle'. Did you mean 'memberCount'?
components/social/SocialMedia.tsx(231,77): error TS2551: Property 'member_count' does not exist on type 'Circle'. Did you mean 'memberCount'?
components/social/SocialMedia.tsx(273,40): error TS2551: Property 'is_reported' does not exist on type 'SocialPost'. Did you mean 'isReported'?
components/social/SocialMedia.tsx(288,59): error TS2551: Property 'likes_count' does not exist on type 'SocialPost'. Did you mean 'likesCount'?
components/social/SocialMedia.tsx(288,78): error TS2551: Property 'shares_count' does not exist on type 'SocialPost'. Did you mean 'sharesCount'?
components/social/SocialMedia.tsx(288,98): error TS2551: Property 'comments_count' does not exist on type 'SocialPost'. Did you mean 'commentsCount'?
components/social/SocialMedia.tsx(315,15): error TS2322: Type '{ value: string; onChange: (e: any) => void; options: { value: string; label: string; }[]; }' is not assignable to type 'IntrinsicAttributes & SelectProps'.
  Property 'onChange' does not exist on type 'IntrinsicAttributes & SelectProps'.
components/social/SocialMedia.tsx(315,26): error TS7006: Parameter 'e' implicitly has an 'any' type.
components/social/SocialMedia.tsx(326,15): error TS2322: Type '{ value: string; onChange: (e: any) => void; options: { value: string; label: string; }[]; }' is not assignable to type 'IntrinsicAttributes & SelectProps'.
  Property 'onChange' does not exist on type 'IntrinsicAttributes & SelectProps'.
components/social/SocialMedia.tsx(326,26): error TS7006: Parameter 'e' implicitly has an 'any' type.
components/social/SocialMedia.tsx(337,15): error TS2322: Type '{ value: string; onChange: (e: any) => void; options: { value: string; label: string; }[]; }' is not assignable to type 'IntrinsicAttributes & SelectProps'.
  Property 'onChange' does not exist on type 'IntrinsicAttributes & SelectProps'.
components/social/SocialMedia.tsx(337,26): error TS7006: Parameter 'e' implicitly has an 'any' type.
components/social/SocialMedia.tsx(366,43): error TS2551: Property 'avatar_url' does not exist on type '{ id: string; firstName: string; lastName: string; avatarUrl?: string | undefined; }'. Did you mean 'avatarUrl'?
components/social/SocialMedia.tsx(367,53): error TS2551: Property 'avatar_url' does not exist on type '{ id: string; firstName: string; lastName: string; avatarUrl?: string | undefined; }'. Did you mean 'avatarUrl'?
components/social/SocialMedia.tsx(367,85): error TS2551: Property 'first_name' does not exist on type '{ id: string; firstName: string; lastName: string; avatarUrl?: string | undefined; }'. Did you mean 'firstName'?
components/social/SocialMedia.tsx(367,111): error TS2551: Property 'last_name' does not exist on type '{ id: string; firstName: string; lastName: string; avatarUrl?: string | undefined; }'. Did you mean 'lastName'?
components/social/SocialMedia.tsx(374,108): error TS2551: Property 'first_name' does not exist on type '{ id: string; firstName: string; lastName: string; avatarUrl?: string | undefined; }'. Did you mean 'firstName'?
components/social/SocialMedia.tsx(374,134): error TS2551: Property 'last_name' does not exist on type '{ id: string; firstName: string; lastName: string; avatarUrl?: string | undefined; }'. Did you mean 'lastName'?
components/social/SocialMedia.tsx(375,69): error TS2551: Property 'Circle' does not exist on type 'SocialPost'. Did you mean 'circle'?
components/social/SocialMedia.tsx(379,37): error TS2551: Property 'is_reported' does not exist on type 'SocialPost'. Did you mean 'isReported'?
components/social/SocialMedia.tsx(380,82): error TS2551: Property 'report_count' does not exist on type 'SocialPost'. Did you mean 'reportCount'?
components/social/SocialMedia.tsx(382,37): error TS2551: Property 'is_hidden' does not exist on type 'SocialPost'. Did you mean 'isHidden'?
components/social/SocialMedia.tsx(389,48): error TS2551: Property 'created_at' does not exist on type 'SocialPost'. Did you mean 'createdAt'?
components/social/SocialMedia.tsx(393,39): error TS2551: Property 'views_count' does not exist on type 'SocialPost'. Did you mean 'viewsCount'?
components/social/SocialMedia.tsx(405,33): error TS2551: Property 'media_urls' does not exist on type 'SocialPost'. Did you mean 'mediaUrls'?
components/social/SocialMedia.tsx(405,52): error TS2551: Property 'media_urls' does not exist on type 'SocialPost'. Did you mean 'mediaUrls'?
components/social/SocialMedia.tsx(407,37): error TS2551: Property 'media_urls' does not exist on type 'SocialPost'. Did you mean 'mediaUrls'?
components/social/SocialMedia.tsx(407,53): error TS7006: Parameter 'url' implicitly has an 'any' type.
components/social/SocialMedia.tsx(407,58): error TS7006: Parameter 'index' implicitly has an 'any' type.
components/social/SocialMedia.tsx(417,35): error TS2551: Property 'likes_count' does not exist on type 'SocialPost'. Did you mean 'likesCount'?
components/social/SocialMedia.tsx(421,35): error TS2551: Property 'shares_count' does not exist on type 'SocialPost'. Did you mean 'sharesCount'?
components/social/SocialMedia.tsx(425,35): error TS2551: Property 'comments_count' does not exist on type 'SocialPost'. Did you mean 'commentsCount'?
components/social/SocialMedia.tsx(502,47): error TS2551: Property 'first_name' does not exist on type '{ id: string; firstName: string; lastName: string; avatarUrl?: string | undefined; }'. Did you mean 'firstName'?
components/social/SocialMedia.tsx(502,81): error TS2551: Property 'last_name' does not exist on type '{ id: string; firstName: string; lastName: string; avatarUrl?: string | undefined; }'. Did you mean 'lastName'?
components/social/SocialMedia.tsx(506,39): error TS2551: Property 'Circle' does not exist on type 'SocialPost'. Did you mean 'circle'?
components/social/SocialMedia.tsx(524,48): error TS2551: Property 'created_at' does not exist on type 'SocialPost'. Did you mean 'createdAt'?
components/social/SocialMedia.tsx(531,85): error TS2551: Property 'likes_count' does not exist on type 'SocialPost'. Did you mean 'likesCount'?
components/social/SocialMedia.tsx(535,86): error TS2551: Property 'shares_count' does not exist on type 'SocialPost'. Did you mean 'sharesCount'?
components/social/SocialMedia.tsx(539,87): error TS2551: Property 'comments_count' does not exist on type 'SocialPost'. Did you mean 'commentsCount'?
components/social/SocialMedia.tsx(543,88): error TS2551: Property 'views_count' does not exist on type 'SocialPost'. Did you mean 'viewsCount'?
components/social/SocialMedia.tsx(551,38): error TS2551: Property 'post_id' does not exist on type 'SocialReport'. Did you mean 'postId'?
components/social/SocialMedia.tsx(553,42): error TS2551: Property 'post_id' does not exist on type 'SocialReport'. Did you mean 'postId'?
components/social/SocialMedia.tsx(556,73): error TS2551: Property 'first_name' does not exist on type '{ id: string; firstName: string; lastName: string; }'. Did you mean 'firstName'?
components/social/SocialMedia.tsx(556,103): error TS2551: Property 'last_name' does not exist on type '{ id: string; firstName: string; lastName: string; }'. Did you mean 'lastName'?
components/social/SocialMedia.tsx(563,42): error TS2551: Property 'created_at' does not exist on type 'SocialReport'. Did you mean 'createdAt'?
components/social/SocialMedia.tsx(574,43): error TS2551: Property 'post_id' does not exist on type 'SocialActivity'. Did you mean 'postId'?
components/social/SocialMedia.tsx(576,67): error TS2551: Property 'first_name' does not exist on type '{ id: string; firstName: string; lastName: string; }'. Did you mean 'firstName'?
components/social/SocialMedia.tsx(576,95): error TS2551: Property 'last_name' does not exist on type '{ id: string; firstName: string; lastName: string; }'. Did you mean 'lastName'?
components/social/SocialMedia.tsx(579,42): error TS2551: Property 'created_at' does not exist on type 'SocialActivity'. Did you mean 'createdAt'?
components/users/AdminConsoleUsers.tsx(271,15): error TS2322: Type '{ value: string; onChange: (e: any) => void; options: { value: string; label: string; }[]; }' is not assignable to type 'IntrinsicAttributes & SelectProps'.
  Property 'onChange' does not exist on type 'IntrinsicAttributes & SelectProps'.
components/users/AdminConsoleUsers.tsx(271,26): error TS7006: Parameter 'e' implicitly has an 'any' type.
components/users/AdminConsoleUsers.tsx(279,15): error TS2322: Type '{ value: string; onChange: (e: any) => void; options: { value: string; label: string; }[]; }' is not assignable to type 'IntrinsicAttributes & SelectProps'.
  Property 'onChange' does not exist on type 'IntrinsicAttributes & SelectProps'.
components/users/AdminConsoleUsers.tsx(279,26): error TS7006: Parameter 'e' implicitly has an 'any' type.
components/users/AdminConsoleUsers.tsx(391,29): error TS2322: Type '{ value: "active" | "inactive" | "pending" | "suspended"; onChange: (e: any) => Promise<void>; className: string; options: { value: string; label: string; }[]; }' is not assignable to type 'IntrinsicAttributes & SelectProps'.
  Property 'onChange' does not exist on type 'IntrinsicAttributes & SelectProps'.
components/users/AdminConsoleUsers.tsx(391,40): error TS7006: Parameter 'e' implicitly has an 'any' type.
components/users/AdminConsoleUsers.tsx(476,23): error TS2551: Property 'isSystem' does not exist on type 'Role'. Did you mean 'is_system'?
components/users/AdminConsoleUsers.tsx(499,24): error TS2551: Property 'isSystem' does not exist on type 'Role'. Did you mean 'is_system'?
components/users/AdminConsoleUsers.tsx(630,19): error TS2322: Type '{ label: string; value: string; onChange: (e: any) => void; required: true; options: { value: string; label: string; }[]; }' is not assignable to type 'IntrinsicAttributes & SelectProps'.
  Property 'label' does not exist on type 'IntrinsicAttributes & SelectProps'.
components/users/AdminConsoleUsers.tsx(632,30): error TS7006: Parameter 'e' implicitly has an 'any' type.
components/users/AdminConsoleUsers.tsx(637,19): error TS2322: Type '{ label: string; value: string; onChange: (e: any) => void; options: { value: string; label: string; }[]; }' is not assignable to type 'IntrinsicAttributes & SelectProps'.
  Property 'label' does not exist on type 'IntrinsicAttributes & SelectProps'.
components/users/AdminConsoleUsers.tsx(639,30): error TS7006: Parameter 'e' implicitly has an 'any' type.
components/users/TicketManagement.tsx(276,15): error TS2322: Type '{ value: string; onChange: (e: any) => void; options: { value: string; label: string; }[]; }' is not assignable to type 'IntrinsicAttributes & SelectProps'.
  Property 'onChange' does not exist on type 'IntrinsicAttributes & SelectProps'.
components/users/TicketManagement.tsx(276,26): error TS7006: Parameter 'e' implicitly has an 'any' type.
components/users/TicketManagement.tsx(287,15): error TS2322: Type '{ value: string; onChange: (e: any) => void; options: { value: string; label: string; }[]; }' is not assignable to type 'IntrinsicAttributes & SelectProps'.
  Property 'onChange' does not exist on type 'IntrinsicAttributes & SelectProps'.
components/users/TicketManagement.tsx(287,26): error TS7006: Parameter 'e' implicitly has an 'any' type.
components/users/TicketManagement.tsx(299,15): error TS2322: Type '{ value: string; onChange: (e: any) => void; options: { value: string; label: string; }[]; }' is not assignable to type 'IntrinsicAttributes & SelectProps'.
  Property 'onChange' does not exist on type 'IntrinsicAttributes & SelectProps'.
components/users/TicketManagement.tsx(299,26): error TS7006: Parameter 'e' implicitly has an 'any' type.
components/users/UserManagement.tsx(206,16): error TS2345: Argument of type '{ users: GlobalUser[]; total: number; totalPages: number; currentPage: number; }' is not assignable to parameter of type 'SetStateAction<GlobalUser[]>'.
components/users/UserManagement.tsx(285,40): error TS2554: Expected 2 arguments, but got 1.
components/users/UserManagement.tsx(394,93): error TS2551: Property 'CircleId' does not exist on type 'GlobalUser'. Did you mean 'circleId'?
components/users/UserManagement.tsx(491,7): error TS2322: Type '"children" | "circle" | "seniors"' is not assignable to type '"children" | "seniors" | "hourse"'.
  Type '"circle"' is not assignable to type '"children" | "seniors" | "hourse"'.
components/users/UserManagement.tsx(492,7): error TS2322: Type '"free" | "premium" | "elite" | undefined' is not assignable to type '"free" | "premium" | "elite"'.
  Type 'undefined' is not assignable to type '"free" | "premium" | "elite"'.
components/users/UserManagement.tsx(493,23): error TS2551: Property 'CircleIds' does not exist on type 'GlobalUser'. Did you mean 'circleIds'?
components/users/UserManagement.tsx(505,7): error TS2322: Type 'string' is not assignable to type '"admin" | "user" | "moderator" | "Circle_admin"'.
components/users/UserManagement.tsx(507,22): error TS2551: Property 'CircleId' does not exist on type 'GlobalUser'. Did you mean 'circleId'?
components/users/UserManagement.tsx(517,74): error TS2345: Argument of type '{ firstName: string; lastName: string; email: string; phone: string; dateOfBirth: string; userType: "hourse" | "children" | "seniors"; subscriptionTier: "free" | "premium" | "elite"; ... 6 more ...; permissions: string[]; }' is not assignable to parameter of type 'Partial<GlobalUser>'.
  Types of property 'userType' are incompatible.
    Type '"children" | "seniors" | "hourse"' is not assignable to type '"children" | "circle" | "seniors" | undefined'.
      Type '"hourse"' is not assignable to type '"children" | "circle" | "seniors" | undefined'.
components/users/UserManagement.tsx(548,45): error TS2339: Property 'updateUserStatus' does not exist on type 'UserService'.
components/users/UserManagement.tsx(968,35): error TS2339: Property 'avatar' does not exist on type 'GlobalUser'.
components/users/UserManagement.tsx(969,46): error TS2339: Property 'avatar' does not exist on type 'GlobalUser'.
components/users/UserManagement.tsx(1018,31): error TS2339: Property 'location' does not exist on type 'GlobalUser'.
components/users/UserManagement.tsx(1021,35): error TS2339: Property 'location' does not exist on type 'GlobalUser'.
components/users/UserManagement.tsx(1056,29): error TS2339: Property 'CircleName' does not exist on type 'GlobalUser'.
components/users/UserManagement.tsx(1059,33): error TS2339: Property 'CircleName' does not exist on type 'GlobalUser'.
contexts/PermissionContext.tsx(59,70): error TS2304: Cannot find name 'user'.
